[0m00:08:26.222368 [debug] [MainThread]: Sending event: {'category': 'dbt', 'action': 'invocation', 'label': 'start', 'context': [<snowplow_tracker.self_describing_json.SelfDescribingJson object at 0x000001DF6D90C1D0>, <snowplow_tracker.self_describing_json.SelfDescribingJson object at 0x000001DF71223440>, <snowplow_tracker.self_describing_json.SelfDescribingJson object at 0x000001DF70F18860>]}


============================== 00:08:26.229734 | 72af5739-864f-4579-9159-a7c25e373989 ==============================
[0m00:08:26.229734 [info ] [MainThread]: Running with dbt=1.10.13
[0m00:08:26.229734 [debug] [MainThread]: running dbt with arguments {'printer_width': '80', 'indirect_selection': 'eager', 'write_json': 'True', 'log_cache_events': 'False', 'partial_parse': 'True', 'cache_selected_only': 'False', 'profiles_dir': 'C:\\Users\\harsh\\.dbt', 'version_check': 'True', 'debug': 'False', 'log_path': 'logs', 'fail_fast': 'False', 'warn_error': 'None', 'use_colors': 'True', 'use_experimental_parser': 'False', 'empty': 'None', 'quiet': 'False', 'no_print': 'None', 'log_format': 'default', 'static_parser': 'True', 'warn_error_options': 'WarnErrorOptionsV2(error=[], warn=[], silence=[])', 'introspect': 'True', 'target_path': 'None', 'invocation_command': 'dbt init ins_dbt', 'send_anonymous_usage_stats': 'True'}
[0m00:08:26.253694 [info ] [MainThread]: Creating dbt configuration folder at C:\Users\harsh\.dbt
[0m00:08:26.253694 [debug] [MainThread]: Starter project path: C:\Users\harsh\anaconda3\Lib\site-packages\dbt\include\starter_project
[0m00:08:26.283624 [info ] [MainThread]: 
Your new dbt project "ins_dbt" was created!

For more information on how to configure the profiles.yml file,
please consult the dbt documentation here:

  https://docs.getdbt.com/docs/configure-your-profile

One more thing:

Need help? Don't hesitate to reach out to us via GitHub issues or on Slack:

  https://community.getdbt.com/

Happy modeling!

[0m00:08:26.283624 [info ] [MainThread]: Setting up your profile.
[0m00:14:53.952930 [info ] [MainThread]: Profile ins_dbt written to C:\Users\harsh\.dbt\profiles.yml using target's profile_template.yml and your supplied values. Run 'dbt debug' to validate the connection.
[0m00:14:53.952930 [debug] [MainThread]: Command `dbt init` succeeded at 00:14:53.952930 after 387.88 seconds
[0m00:14:53.952930 [debug] [MainThread]: Sending event: {'category': 'dbt', 'action': 'invocation', 'label': 'end', 'context': [<snowplow_tracker.self_describing_json.SelfDescribingJson object at 0x000001DF72BAE3F0>, <snowplow_tracker.self_describing_json.SelfDescribingJson object at 0x000001DF7F86DBE0>, <snowplow_tracker.self_describing_json.SelfDescribingJson object at 0x000001DF7F9B3980>]}
[0m00:14:53.952930 [debug] [MainThread]: Flushing usage events
[0m00:14:57.429188 [debug] [MainThread]: An error was encountered while trying to flush usage events
[0m01:01:54.148797 [debug] [MainThread]: Sending event: {'category': 'dbt', 'action': 'invocation', 'label': 'start', 'context': [<snowplow_tracker.self_describing_json.SelfDescribingJson object at 0x000001803660CDA0>, <snowplow_tracker.self_describing_json.SelfDescribingJson object at 0x00000180366D2360>, <snowplow_tracker.self_describing_json.SelfDescribingJson object at 0x0000018036709760>]}


============================== 01:01:54.159485 | f631f314-0b12-417a-ade7-b25b2093c997 ==============================
[0m01:01:54.159485 [info ] [MainThread]: Running with dbt=1.10.13
[0m01:01:54.159485 [debug] [MainThread]: running dbt with arguments {'printer_width': '80', 'indirect_selection': 'eager', 'write_json': 'True', 'log_cache_events': 'False', 'partial_parse': 'True', 'cache_selected_only': 'False', 'warn_error': 'None', 'debug': 'False', 'profiles_dir': 'C:\\Users\\harsh\\.dbt', 'log_path': 'logs', 'version_check': 'True', 'fail_fast': 'False', 'use_colors': 'True', 'use_experimental_parser': 'False', 'no_print': 'None', 'quiet': 'False', 'empty': 'False', 'warn_error_options': 'WarnErrorOptionsV2(error=[], warn=[], silence=[])', 'static_parser': 'True', 'log_format': 'default', 'invocation_command': 'dbt run', 'target_path': 'None', 'introspect': 'True', 'send_anonymous_usage_stats': 'True'}
[0m01:01:54.159485 [error] [MainThread]: Encountered an error:
Runtime Error
  No dbt_project.yml found at expected path C:\Users\harsh\OneDrive\Desktop\ASTRO\insurance-claims-pipeline\data-generator\dbt_project.yml
  Verify that each entry within packages.yml (and their transitive dependencies) contains a file named dbt_project.yml
  
[0m01:01:54.159485 [debug] [MainThread]: Command `dbt run` failed at 01:01:54.159485 after 0.27 seconds
[0m01:01:54.159485 [debug] [MainThread]: Sending event: {'category': 'dbt', 'action': 'invocation', 'label': 'end', 'context': [<snowplow_tracker.self_describing_json.SelfDescribingJson object at 0x00000180363A1D30>, <snowplow_tracker.self_describing_json.SelfDescribingJson object at 0x00000180363A19D0>, <snowplow_tracker.self_describing_json.SelfDescribingJson object at 0x0000018036709760>]}
[0m01:01:54.164556 [debug] [MainThread]: Flushing usage events
[0m01:02:02.526640 [debug] [MainThread]: An error was encountered while trying to flush usage events
